{
  "data": [
    {
      "columnMetadata": [
        {
          "pixelSize": 34
        },
        {
          "pixelSize": 34
        },
        {
          "pixelSize": 386
        },
        {
          "pixelSize": 834
        }
      ],
      "rowData": [
        {
          "values": [
            {
              "effectiveFormat": {
                "backgroundColor": {
                  "blue": 1,
                  "green": 1,
                  "red": 1
                },
                "backgroundColorStyle": {
                  "rgbColor": {
                    "blue": 1,
                    "green": 1,
                    "red": 1
                  }
                },
                "horizontalAlignment": "LEFT",
                "hyperlinkDisplayType": "PLAIN_TEXT",
                "padding": {
                  "bottom": 2,
                  "left": 3,
                  "right": 3,
                  "top": 2
                },
                "textFormat": {
                  "fontFamily": "Arial",
                  "fontSize": 10,
                  "foregroundColor": {},
                  "foregroundColorStyle": {
                    "rgbColor": {}
                  }
                },
                "verticalAlignment": "BOTTOM",
                "wrapStrategy": "OVERFLOW_CELL"
              },
              "effectiveValue": {
                "stringValue": "Col1"
              },
              "formattedValue": "Col1",
              "userEnteredValue": {
                "stringValue": "Col1"
              }
            },
            {
              "effectiveFormat": {
                "backgroundColor": {
                  "blue": 1,
                  "green": 1,
                  "red": 1
                },
                "backgroundColorStyle": {
                  "rgbColor": {
                    "blue": 1,
                    "green": 1,
                    "red": 1
                  }
                },
                "horizontalAlignment": "LEFT",
                "hyperlinkDisplayType": "PLAIN_TEXT",
                "padding": {
                  "bottom": 2,
                  "left": 3,
                  "right": 3,
                  "top": 2
                },
                "textFormat": {
                  "fontFamily": "Arial",
                  "fontSize": 10,
                  "foregroundColor": {},
                  "foregroundColorStyle": {
                    "rgbColor": {}
                  }
                },
                "verticalAlignment": "BOTTOM",
                "wrapStrategy": "OVERFLOW_CELL"
              },
              "effectiveValue": {
                "stringValue": "Col2"
              },
              "formattedValue": "Col2",
              "userEnteredValue": {
                "stringValue": "Col2"
              }
            },
            {
              "effectiveFormat": {
                "backgroundColor": {
                  "blue": 1,
                  "green": 1,
                  "red": 1
                },
                "backgroundColorStyle": {
                  "rgbColor": {
                    "blue": 1,
                    "green": 1,
                    "red": 1
                  }
                },
                "horizontalAlignment": "LEFT",
                "hyperlinkDisplayType": "PLAIN_TEXT",
                "padding": {
                  "bottom": 2,
                  "left": 3,
                  "right": 3,
                  "top": 2
                },
                "textFormat": {
                  "bold": true,
                  "fontFamily": "Arial",
                  "fontSize": 10,
                  "foregroundColor": {},
                  "foregroundColorStyle": {
                    "rgbColor": {}
                  }
                },
                "verticalAlignment": "BOTTOM",
                "wrapStrategy": "OVERFLOW_CELL"
              },
              "effectiveValue": {
                "stringValue": "Col3 asdsadasdasdsadsadasdasdasdasdasdsacavdsavasvdsav"
              },
              "formattedValue": "Col3 asdsadasdasdsadsadasdasdasdasdasdsacavdsavasvdsav",
              "userEnteredFormat": {
                "textFormat": {
                  "bold": true
                }
              },
              "userEnteredValue": {
                "stringValue": "Col3 asdsadasdasdsadsadasdasdasdasdasdsacavdsavasvdsav"
              }
            },
            {
              "effectiveFormat": {
                "backgroundColor": {
                  "blue": 1,
                  "green": 1,
                  "red": 1
                },
                "backgroundColorStyle": {
                  "rgbColor": {
                    "blue": 1,
                    "green": 1,
                    "red": 1
                  }
                },
                "horizontalAlignment": "LEFT",
                "hyperlinkDisplayType": "PLAIN_TEXT",
                "padding": {
                  "bottom": 2,
                  "left": 3,
                  "right": 3,
                  "top": 2
                },
                "textFormat": {
                  "fontFamily": "Arial",
                  "fontSize": 10,
                  "foregroundColor": {},
                  "foregroundColorStyle": {
                    "rgbColor": {}
                  }
                },
                "verticalAlignment": "BOTTOM",
                "wrapStrategy": "OVERFLOW_CELL"
              },
              "effectiveValue": {
                "stringValue": "Col4"
              },
              "formattedValue": "Col4",
              "userEnteredValue": {
                "stringValue": "Col4"
              }
            }
          ]
        },
        {},
        {},
        {
          "values": [
            {},
            {},
            {
              "effectiveFormat": {
                "backgroundColor": {
                  "blue": 1,
                  "green": 1,
                  "red": 1
                },
                "backgroundColorStyle": {
                  "rgbColor": {
                    "blue": 1,
                    "green": 1,
                    "red": 1
                  }
                },
                "horizontalAlignment": "LEFT",
                "hyperlinkDisplayType": "PLAIN_TEXT",
                "padding": {
                  "bottom": 2,
                  "left": 3,
                  "right": 3,
                  "top": 2
                },
                "textFormat": {
                  "fontFamily": "Arial",
                  "fontSize": 10,
                  "foregroundColor": {},
                  "foregroundColorStyle": {
                    "rgbColor": {}
                  }
                },
                "verticalAlignment": "BOTTOM",
                "wrapStrategy": "OVERFLOW_CELL"
              },
              "effectiveValue": {
                "stringValue": "Tacierzyński"
              },
              "formattedValue": "Tacierzyński",
              "userEnteredValue": {
                "stringValue": "Tacierzyński"
              }
            }
          ]
        },
        {},
        {},
        {
          "values": [
            {},
            {},
            {
              "effectiveFormat": {
                "backgroundColor": {
                  "blue": 1,
                  "green": 1,
                  "red": 1
                },
                "backgroundColorStyle": {
                  "rgbColor": {
                    "blue": 1,
                    "green": 1,
                    "red": 1
                  }
                },
                "horizontalAlignment": "LEFT",
                "hyperlinkDisplayType": "LINKED",
                "padding": {
                  "bottom": 2,
                  "left": 3,
                  "right": 3,
                  "top": 2
                },
                "textFormat": {
                  "fontFamily": "Arial",
                  "fontSize": 10,
                  "foregroundColor": {
                    "blue": 0.8,
                    "green": 0.33333334,
                    "red": 0.06666667
                  },
                  "foregroundColorStyle": {
                    "rgbColor": {
                      "blue": 0.8,
                      "green": 0.33333334,
                      "red": 0.06666667
                    }
                  },
                  "link": {
                    "uri": "http://google.com/"
                  },
                  "underline": true
                },
                "verticalAlignment": "BOTTOM",
                "wrapStrategy": "OVERFLOW_CELL"
              },
              "effectiveValue": {
                "stringValue": "sadsadsaddddddddddddddddddddddddddddddddddddddddddddddddddddddads"
              },
              "formattedValue": "sadsadsaddddddddddddddddddddddddddddddddddddddddddddddddddddddads",
              "hyperlink": "http://google.com/",
              "userEnteredFormat": {
                "hyperlinkDisplayType": "LINKED",
                "textFormat": {
                  "link": {
                    "uri": "http://google.com/"
                  }
                }
              },
              "userEnteredValue": {
                "stringValue": "sadsadsaddddddddddddddddddddddddddddddddddddddddddddddddddddddads"
              }
            }
          ]
        }
      ],
      "rowMetadata": [
        {
          "pixelSize": 21
        },
        {
          "pixelSize": 21
        },
        {
          "pixelSize": 21
        }
      ]
    }
  ],
  "properties": {
    "gridProperties": {
      "columnCount": 4,
      "rowCount": 1000
    },
    "sheetType": "GRID",
    "title": "Sheet1"
  }
}
